c:\users\evan.schipellite\documents\game physics\gamephysics\gamephysics_evanschipellite\gamephysics_evanschipellite\debug\vc120.pdb
c:\users\evan.schipellite\documents\game physics\gamephysics\gamephysics_evanschipellite\gamephysics_evanschipellite\debug\vc120.idb
c:\users\evan.schipellite\documents\game physics\gamephysics\gamephysics_evanschipellite\gamephysics_evanschipellite\debug\camera.obj
c:\users\evan.schipellite\documents\game physics\gamephysics\gamephysics_evanschipellite\gamephysics_evanschipellite\debug\firework.obj
c:\users\evan.schipellite\documents\game physics\gamephysics\gamephysics_evanschipellite\gamephysics_evanschipellite\debug\fireworklauncher.obj
c:\users\evan.schipellite\documents\game physics\gamephysics\gamephysics_evanschipellite\gamephysics_evanschipellite\debug\gameapp.obj
c:\users\evan.schipellite\documents\game physics\gamephysics\gamephysics_evanschipellite\gamephysics_evanschipellite\debug\matrix.obj
c:\users\evan.schipellite\documents\game physics\gamephysics\gamephysics_evanschipellite\gamephysics_evanschipellite\debug\editorstate.obj
c:\users\evan.schipellite\documents\game physics\gamephysics\gamephysics_evanschipellite\gamephysics_evanschipellite\debug\particle.obj
c:\users\evan.schipellite\documents\game physics\gamephysics\gamephysics_evanschipellite\gamephysics_evanschipellite\debug\physicsobject.obj
c:\users\evan.schipellite\documents\game physics\gamephysics\gamephysics_evanschipellite\gamephysics_evanschipellite\debug\source.obj
c:\users\evan.schipellite\documents\game physics\gamephysics\gamephysics_evanschipellite\gamephysics_evanschipellite\debug\vector3d.obj
c:\users\evan.schipellite\documents\game physics\gamephysics\gamephysics_evanschipellite\debug\gamephysics_evanschipellite.ilk
c:\users\evan.schipellite\documents\game physics\gamephysics\gamephysics_evanschipellite\debug\gamephysics_evanschipellite.exe
c:\users\evan.schipellite\documents\game physics\gamephysics\gamephysics_evanschipellite\debug\gamephysics_evanschipellite.pdb
c:\users\evan.schipellite\documents\game physics\gamephysics\gamephysics_evanschipellite\gamephysics_evanschipellite\debug\gamephys.d6535071.tlog\cl.command.1.tlog
c:\users\evan.schipellite\documents\game physics\gamephysics\gamephysics_evanschipellite\gamephysics_evanschipellite\debug\gamephys.d6535071.tlog\cl.read.1.tlog
c:\users\evan.schipellite\documents\game physics\gamephysics\gamephysics_evanschipellite\gamephysics_evanschipellite\debug\gamephys.d6535071.tlog\cl.write.1.tlog
c:\users\evan.schipellite\documents\game physics\gamephysics\gamephysics_evanschipellite\gamephysics_evanschipellite\debug\gamephys.d6535071.tlog\link.command.1.tlog
c:\users\evan.schipellite\documents\game physics\gamephysics\gamephysics_evanschipellite\gamephysics_evanschipellite\debug\gamephys.d6535071.tlog\link.read.1.tlog
c:\users\evan.schipellite\documents\game physics\gamephysics\gamephysics_evanschipellite\gamephysics_evanschipellite\debug\gamephys.d6535071.tlog\link.write.1.tlog
