c:\users\evan\documents\gamephysics\trunk\gamephysics_evanschipellite_machine\gamephysics_evanschipellite\debug\vc120.pdb
c:\users\evan\documents\gamephysics\trunk\gamephysics_evanschipellite_machine\gamephysics_evanschipellite\debug\vc120.idb
c:\users\evan\documents\gamephysics\trunk\gamephysics_evanschipellite_machine\gamephysics_evanschipellite\debug\physicsobject.obj
c:\users\evan\documents\gamephysics\trunk\gamephysics_evanschipellite_machine\gamephysics_evanschipellite\debug\planet.obj
c:\users\evan\documents\gamephysics\trunk\gamephysics_evanschipellite_machine\gamephysics_evanschipellite\debug\gameobject.obj
c:\users\evan\documents\gamephysics\trunk\gamephysics_evanschipellite_machine\gamephysics_evanschipellite\debug\quaternion.obj
c:\users\evan\documents\gamephysics\trunk\gamephysics_evanschipellite_machine\gamephysics_evanschipellite\debug\skybox.obj
c:\users\evan\documents\gamephysics\trunk\gamephysics_evanschipellite_machine\gamephysics_evanschipellite\debug\vector3d.obj
c:\users\evan\documents\gamephysics\trunk\gamephysics_evanschipellite_machine\gamephysics_evanschipellite\debug\firework.obj
c:\users\evan\documents\gamephysics\trunk\gamephysics_evanschipellite_machine\gamephysics_evanschipellite\debug\fireworklauncher.obj
c:\users\evan\documents\gamephysics\trunk\gamephysics_evanschipellite_machine\gamephysics_evanschipellite\debug\gluttime.obj
c:\users\evan\documents\gamephysics\trunk\gamephysics_evanschipellite_machine\gamephysics_evanschipellite\debug\ground.obj
c:\users\evan\documents\gamephysics\trunk\gamephysics_evanschipellite_machine\gamephysics_evanschipellite\debug\imagehandler.obj
c:\users\evan\documents\gamephysics\trunk\gamephysics_evanschipellite_machine\gamephysics_evanschipellite\debug\matrix.obj
c:\users\evan\documents\gamephysics\trunk\gamephysics_evanschipellite_machine\gamephysics_evanschipellite\debug\editorstate.obj
c:\users\evan\documents\gamephysics\trunk\gamephysics_evanschipellite_machine\gamephysics_evanschipellite\debug\particle.obj
c:\users\evan\documents\gamephysics\trunk\gamephysics_evanschipellite_machine\gamephysics_evanschipellite\debug\camera.obj
c:\users\evan\documents\gamephysics\trunk\gamephysics_evanschipellite_machine\gamephysics_evanschipellite\debug\collectible.obj
c:\users\evan\documents\gamephysics\trunk\gamephysics_evanschipellite_machine\gamephysics_evanschipellite\debug\collisionplane.obj
c:\users\evan\documents\gamephysics\trunk\gamephysics_evanschipellite_machine\gamephysics_evanschipellite\debug\contact.obj
c:\users\evan\documents\gamephysics\trunk\gamephysics_evanschipellite_machine\gamephysics_evanschipellite\debug\contactgenerator.obj
c:\users\evan\documents\gamephysics\trunk\gamephysics_evanschipellite_machine\gamephysics_evanschipellite\debug\level.obj
c:\users\evan\documents\gamephysics\trunk\gamephysics_evanschipellite_machine\gamephysics_evanschipellite\debug\rigidsphere.obj
c:\users\evan\documents\gamephysics\trunk\gamephysics_evanschipellite_machine\gamephysics_evanschipellite\debug\rigidgroundcontactgenerator.obj
c:\users\evan\documents\gamephysics\trunk\gamephysics_evanschipellite_machine\gamephysics_evanschipellite\debug\collisionbox.obj
c:\users\evan\documents\gamephysics\trunk\gamephysics_evanschipellite_machine\gamephysics_evanschipellite\debug\collisiondetector.obj
c:\users\evan\documents\gamephysics\trunk\gamephysics_evanschipellite_machine\gamephysics_evanschipellite\debug\collisionhandler.obj
c:\users\evan\documents\gamephysics\trunk\gamephysics_evanschipellite_machine\gamephysics_evanschipellite\debug\intersectiontests.obj
c:\users\evan\documents\gamephysics\trunk\gamephysics_evanschipellite_machine\debug\gamephysics_evanschipellite.ilk
c:\users\evan\documents\gamephysics\trunk\gamephysics_evanschipellite_machine\debug\gamephysics_evanschipellite.exe
c:\users\evan\documents\gamephysics\trunk\gamephysics_evanschipellite_machine\debug\gamephysics_evanschipellite.pdb
c:\users\evan\documents\gamephysics\trunk\gamephysics_evanschipellite_machine\gamephysics_evanschipellite\debug\gamephys.d6535071.tlog\cl.command.1.tlog
c:\users\evan\documents\gamephysics\trunk\gamephysics_evanschipellite_machine\gamephysics_evanschipellite\debug\gamephys.d6535071.tlog\cl.read.1.tlog
c:\users\evan\documents\gamephysics\trunk\gamephysics_evanschipellite_machine\gamephysics_evanschipellite\debug\gamephys.d6535071.tlog\cl.write.1.tlog
c:\users\evan\documents\gamephysics\trunk\gamephysics_evanschipellite_machine\gamephysics_evanschipellite\debug\gamephys.d6535071.tlog\link.command.1.tlog
c:\users\evan\documents\gamephysics\trunk\gamephysics_evanschipellite_machine\gamephysics_evanschipellite\debug\gamephys.d6535071.tlog\link.read.1.tlog
c:\users\evan\documents\gamephysics\trunk\gamephysics_evanschipellite_machine\gamephysics_evanschipellite\debug\gamephys.d6535071.tlog\link.write.1.tlog
