c:\users\evan\documents\gamephysics\trunk\gamephysics_evanschipellite_forcegame\gamephysics_evanschipellite\debug\vc120.pdb
c:\users\evan\documents\gamephysics\trunk\gamephysics_evanschipellite_forcegame\gamephysics_evanschipellite\debug\vc120.idb
c:\users\evan\documents\gamephysics\trunk\gamephysics_evanschipellite_forcegame\gamephysics_evanschipellite\debug\gravitygenerator.obj
c:\users\evan\documents\gamephysics\trunk\gamephysics_evanschipellite_forcegame\gamephysics_evanschipellite\debug\ground.obj
c:\users\evan\documents\gamephysics\trunk\gamephysics_evanschipellite_forcegame\gamephysics_evanschipellite\debug\groundcontactgenerator.obj
c:\users\evan\documents\gamephysics\trunk\gamephysics_evanschipellite_forcegame\gamephysics_evanschipellite\debug\level.obj
c:\users\evan\documents\gamephysics\trunk\gamephysics_evanschipellite_forcegame\gamephysics_evanschipellite\debug\matrix.obj
c:\users\evan\documents\gamephysics\trunk\gamephysics_evanschipellite_forcegame\gamephysics_evanschipellite\debug\editorstate.obj
c:\users\evan\documents\gamephysics\trunk\gamephysics_evanschipellite_forcegame\gamephysics_evanschipellite\debug\objectforcegenerator.obj
c:\users\evan\documents\gamephysics\trunk\gamephysics_evanschipellite_forcegame\gamephysics_evanschipellite\debug\objectforceregistration.obj
c:\users\evan\documents\gamephysics\trunk\gamephysics_evanschipellite_forcegame\gamephysics_evanschipellite\debug\particle.obj
c:\users\evan\documents\gamephysics\trunk\gamephysics_evanschipellite_forcegame\gamephysics_evanschipellite\debug\physicshandler.obj
c:\users\evan\documents\gamephysics\trunk\gamephysics_evanschipellite_forcegame\gamephysics_evanschipellite\debug\physicsobject.obj
c:\users\evan\documents\gamephysics\trunk\gamephysics_evanschipellite_forcegame\gamephysics_evanschipellite\debug\planet.obj
c:\users\evan\documents\gamephysics\trunk\gamephysics_evanschipellite_forcegame\gamephysics_evanschipellite\debug\planethandler.obj
c:\users\evan\documents\gamephysics\trunk\gamephysics_evanschipellite_forcegame\gamephysics_evanschipellite\debug\gameobject.obj
c:\users\evan\documents\gamephysics\trunk\gamephysics_evanschipellite_forcegame\gamephysics_evanschipellite\debug\player.obj
c:\users\evan\documents\gamephysics\trunk\gamephysics_evanschipellite_forcegame\gamephysics_evanschipellite\debug\rodcontactgenerator.obj
c:\users\evan\documents\gamephysics\trunk\gamephysics_evanschipellite_forcegame\gamephysics_evanschipellite\debug\skybox.obj
c:\users\evan\documents\gamephysics\trunk\gamephysics_evanschipellite_forcegame\gamephysics_evanschipellite\debug\source.obj
c:\users\evan\documents\gamephysics\trunk\gamephysics_evanschipellite_forcegame\gamephysics_evanschipellite\debug\springcontactgenerator.obj
c:\users\evan\documents\gamephysics\trunk\gamephysics_evanschipellite_forcegame\gamephysics_evanschipellite\debug\vector3d.obj
c:\users\evan\documents\gamephysics\trunk\gamephysics_evanschipellite_forcegame\gamephysics_evanschipellite\debug\cablecontactgenerator.obj
c:\users\evan\documents\gamephysics\trunk\gamephysics_evanschipellite_forcegame\gamephysics_evanschipellite\debug\camera.obj
c:\users\evan\documents\gamephysics\trunk\gamephysics_evanschipellite_forcegame\gamephysics_evanschipellite\debug\collectible.obj
c:\users\evan\documents\gamephysics\trunk\gamephysics_evanschipellite_forcegame\gamephysics_evanschipellite\debug\collisionhandler.obj
c:\users\evan\documents\gamephysics\trunk\gamephysics_evanschipellite_forcegame\gamephysics_evanschipellite\debug\contact.obj
c:\users\evan\documents\gamephysics\trunk\gamephysics_evanschipellite_forcegame\gamephysics_evanschipellite\debug\contactgenerator.obj
c:\users\evan\documents\gamephysics\trunk\gamephysics_evanschipellite_forcegame\gamephysics_evanschipellite\debug\earthgravitygenerator.obj
c:\users\evan\documents\gamephysics\trunk\gamephysics_evanschipellite_forcegame\gamephysics_evanschipellite\debug\firework.obj
c:\users\evan\documents\gamephysics\trunk\gamephysics_evanschipellite_forcegame\gamephysics_evanschipellite\debug\fireworklauncher.obj
c:\users\evan\documents\gamephysics\trunk\gamephysics_evanschipellite_forcegame\gamephysics_evanschipellite\debug\forcegenerator.obj
c:\users\evan\documents\gamephysics\trunk\gamephysics_evanschipellite_forcegame\gamephysics_evanschipellite\debug\forceregistration.obj
c:\users\evan\documents\gamephysics\trunk\gamephysics_evanschipellite_forcegame\gamephysics_evanschipellite\debug\forceregistry.obj
c:\users\evan\documents\gamephysics\trunk\gamephysics_evanschipellite_forcegame\gamephysics_evanschipellite\debug\gameapp.obj
c:\users\evan\documents\gamephysics\trunk\gamephysics_evanschipellite_forcegame\gamephysics_evanschipellite\debug\generator.obj
c:\users\evan\documents\gamephysics\trunk\gamephysics_evanschipellite_forcegame\gamephysics_evanschipellite\debug\bungeecontactgenerator.obj
c:\users\evan\documents\gamephysics\trunk\gamephysics_evanschipellite_forcegame\debug\gamephysics_evanschipellite.ilk
c:\users\evan\documents\gamephysics\trunk\gamephysics_evanschipellite_forcegame\debug\gamephysics_evanschipellite.exe
c:\users\evan\documents\gamephysics\trunk\gamephysics_evanschipellite_forcegame\debug\gamephysics_evanschipellite.pdb
c:\users\evan\documents\gamephysics\trunk\gamephysics_evanschipellite_forcegame\gamephysics_evanschipellite\debug\gamephys.d6535071.tlog\cl.command.1.tlog
c:\users\evan\documents\gamephysics\trunk\gamephysics_evanschipellite_forcegame\gamephysics_evanschipellite\debug\gamephys.d6535071.tlog\cl.read.1.tlog
c:\users\evan\documents\gamephysics\trunk\gamephysics_evanschipellite_forcegame\gamephysics_evanschipellite\debug\gamephys.d6535071.tlog\cl.write.1.tlog
c:\users\evan\documents\gamephysics\trunk\gamephysics_evanschipellite_forcegame\gamephysics_evanschipellite\debug\gamephys.d6535071.tlog\link.command.1.tlog
c:\users\evan\documents\gamephysics\trunk\gamephysics_evanschipellite_forcegame\gamephysics_evanschipellite\debug\gamephys.d6535071.tlog\link.read.1.tlog
c:\users\evan\documents\gamephysics\trunk\gamephysics_evanschipellite_forcegame\gamephysics_evanschipellite\debug\gamephys.d6535071.tlog\link.write.1.tlog
